error: User with email shubham09@gmail.com already exists. {"timestamp":"2025-06-24T06:55:56.488Z"}
error: TypeError: User.find(...).sort is not a function
    at getUsersService (/Users/shubham/Desktop/projrct/level-1/backend/services/userService.js:82:8)
    at getUsers (/Users/shubham/Desktop/projrct/level-1/backend/Controller/user.js:48:26)
    at Layer.handleRequest (/Users/shubham/Desktop/projrct/level-1/backend/node_modules/router/lib/layer.js:152:17)
    at next (/Users/shubham/Desktop/projrct/level-1/backend/node_modules/router/lib/route.js:157:13)
    at Route.dispatch (/Users/shubham/Desktop/projrct/level-1/backend/node_modules/router/lib/route.js:117:3)
    at handle (/Users/shubham/Desktop/projrct/level-1/backend/node_modules/router/index.js:435:11)
    at Layer.handleRequest (/Users/shubham/Desktop/projrct/level-1/backend/node_modules/router/lib/layer.js:152:17)
    at /Users/shubham/Desktop/projrct/level-1/backend/node_modules/router/index.js:295:15
    at processParams (/Users/shubham/Desktop/projrct/level-1/backend/node_modules/router/index.js:582:12)
    at next (/Users/shubham/Desktop/projrct/level-1/backend/node_modules/router/index.js:291:5) {"timestamp":"2025-06-24T07:02:05.346Z"}
error: TypeError: User.find(...).sort is not a function
    at getUsersService (/Users/shubham/Desktop/projrct/level-1/backend/services/userService.js:82:8)
    at getUsers (/Users/shubham/Desktop/projrct/level-1/backend/Controller/user.js:48:26)
    at Layer.handleRequest (/Users/shubham/Desktop/projrct/level-1/backend/node_modules/router/lib/layer.js:152:17)
    at next (/Users/shubham/Desktop/projrct/level-1/backend/node_modules/router/lib/route.js:157:13)
    at Route.dispatch (/Users/shubham/Desktop/projrct/level-1/backend/node_modules/router/lib/route.js:117:3)
    at handle (/Users/shubham/Desktop/projrct/level-1/backend/node_modules/router/index.js:435:11)
    at Layer.handleRequest (/Users/shubham/Desktop/projrct/level-1/backend/node_modules/router/lib/layer.js:152:17)
    at /Users/shubham/Desktop/projrct/level-1/backend/node_modules/router/index.js:295:15
    at processParams (/Users/shubham/Desktop/projrct/level-1/backend/node_modules/router/index.js:582:12)
    at next (/Users/shubham/Desktop/projrct/level-1/backend/node_modules/router/index.js:291:5) {"timestamp":"2025-06-24T07:02:07.456Z"}
error: User with email shubham09@gmail.com already exists. {"timestamp":"2025-06-24T07:05:18.914Z"}
error: User with email shubham09@gmail.com already exists. {"timestamp":"2025-06-24T07:08:55.788Z"}
error: User with email shubham09@gmail.com already exists. {"timestamp":"2025-06-24T07:09:10.860Z"}
error: User with email shubham09@gmail.com already exists. {"timestamp":"2025-06-24T07:10:06.470Z"}
error: User with email shubham09@gmail.com already exists. {"timestamp":"2025-06-24T07:11:12.578Z"}
error: User with email shubham09@gmail.com already exists. {"timestamp":"2025-06-24T07:11:14.365Z"}
error: User with email shubham09@gmail.com already exists. {"timestamp":"2025-06-24T07:12:00.184Z"}
error: User with email shubham09@gmail.com already exists. {"timestamp":"2025-06-24T07:22:06.618Z"}
error: User with email shubham09@gmail.com already exists. {"timestamp":"2025-06-24T07:22:10.535Z"}
error: User with email shubham09@gmail.com already exists. {"timestamp":"2025-06-24T07:22:56.813Z"}
error: User with email shubham09@gmail.com already exists. {"timestamp":"2025-06-24T07:23:59.448Z"}
error: User with email shubham09@gmail.com already exists. {"timestamp":"2025-06-24T07:24:27.944Z"}
error: User with email shubham09@gmail.com already exists. {"timestamp":"2025-06-24T07:26:20.920Z"}
error: User with email shubham09@gmail.com already exists. {"timestamp":"2025-06-24T07:26:50.462Z"}
error: User with email shubham09@gmail.com already exists. {"timestamp":"2025-06-24T07:28:00.333Z"}
error: User with email shubham09@gmail.com already exists. {"timestamp":"2025-06-24T07:28:01.974Z"}
error: User with email shubham09@gmail.com already exists. {"timestamp":"2025-06-24T07:28:25.844Z"}
error: User with email shubham09@gmail.com already exists. {"timestamp":"2025-06-24T07:28:53.690Z"}
error: User with email shubham09@gmail.com already exists. {"timestamp":"2025-06-24T07:29:37.958Z"}
error: User with email shubham09@gmail.com already exists. {"timestamp":"2025-06-24T07:30:15.252Z"}
error: User with email shubham09@gmail.com already exists. {"timestamp":"2025-06-24T07:30:16.593Z"}
error: User with email shubham09@gmail.com already exists. {"timestamp":"2025-06-24T07:30:22.539Z"}
error: User with email shubham09@gmail.com already exists. {"timestamp":"2025-06-24T07:31:06.716Z"}
error: User with email shubham09@gmail.com already exists. {"timestamp":"2025-06-24T07:32:18.525Z"}
error: User with email shubham09@gmail.com already exists. {"timestamp":"2025-06-24T07:36:52.780Z"}
error: User with email shubham09@gmail.com already exists. {"timestamp":"2025-06-24T07:38:12.686Z"}
error: User with email rahul@xyz.com already exists. {"timestamp":"2025-06-24T11:23:00.358Z"}
error: User with email rahul@xyz.com already exists. {"timestamp":"2025-06-24T11:34:34.587Z"}
error: User with email rahul@xyz.com already exists. {"timestamp":"2025-06-24T11:34:55.628Z"}
error: User with email rahul@xyz.com already exists. {"timestamp":"2025-06-24T11:35:05.160Z"}
error: User with email rahul@xyz.com already exists. {"timestamp":"2025-06-24T11:35:33.421Z"}
