error: CastError: Cast to ObjectId failed for value "shubham" (type string) at path "_id" for model "User"
    at SchemaObjectId.cast (/Users/shubham/Desktop/projrct/level-1/backend/node_modules/mongoose/lib/schema/objectId.js:251:11)
    at SchemaType.applySetters (/Users/shubham/Desktop/projrct/level-1/backend/node_modules/mongoose/lib/schemaType.js:1255:12)
    at SchemaType.castForQuery (/Users/shubham/Desktop/projrct/level-1/backend/node_modules/mongoose/lib/schemaType.js:1673:17)
    at cast (/Users/shubham/Desktop/projrct/level-1/backend/node_modules/mongoose/lib/cast.js:390:32)
    at Query.cast (/Users/shubham/Desktop/projrct/level-1/backend/node_modules/mongoose/lib/query.js:5055:12)
    at Query._castConditions (/Users/shubham/Desktop/projrct/level-1/backend/node_modules/mongoose/lib/query.js:2351:10)
    at model.Query._findOneAndUpdate (/Users/shubham/Desktop/projrct/level-1/backend/node_modules/mongoose/lib/query.js:3454:8)
    at model.Query.exec (/Users/shubham/Desktop/projrct/level-1/backend/node_modules/mongoose/lib/query.js:4604:80)
    at process.processTicksAndRejections (node:internal/process/task_queues:105:5)
    at async deleteUserService (/Users/shubham/Desktop/projrct/level-1/backend/services/userService.js:134:21) {"timestamp":"2025-06-27T07:16:38.633Z"}
error: MongooseServerSelectionError: connect ECONNREFUSED 127.0.0.1:27017
    at _handleConnectionErrors (/Users/shubham/Desktop/projrct/level-1/backend/node_modules/mongoose/lib/connection.js:1165:11)
    at NativeConnection.openUri (/Users/shubham/Desktop/projrct/level-1/backend/node_modules/mongoose/lib/connection.js:1096:11) {"timestamp":"2025-06-27T10:54:30.422Z"}
error: MongooseServerSelectionError: connect ECONNREFUSED 127.0.0.1:27017
    at _handleConnectionErrors (/Users/shubham/Desktop/projrct/level-1/backend/node_modules/mongoose/lib/connection.js:1165:11)
    at NativeConnection.openUri (/Users/shubham/Desktop/projrct/level-1/backend/node_modules/mongoose/lib/connection.js:1096:11) {"timestamp":"2025-06-27T10:55:40.791Z"}
error: MongooseServerSelectionError: connect ECONNREFUSED 127.0.0.1:27017
    at _handleConnectionErrors (/Users/shubham/Desktop/projrct/level-1/backend/node_modules/mongoose/lib/connection.js:1165:11)
    at NativeConnection.openUri (/Users/shubham/Desktop/projrct/level-1/backend/node_modules/mongoose/lib/connection.js:1096:11) {"timestamp":"2025-06-27T10:55:40.793Z"}
error: TypeError: User.find(...).sort is not a function
    at getUsersService (/Users/shubham/Desktop/projrct/level-1/backend/services/userService.js:82:8)
    at getUsers (/Users/shubham/Desktop/projrct/level-1/backend/controller/user.js:57:26)
    at Layer.handleRequest (/Users/shubham/Desktop/projrct/level-1/backend/node_modules/router/lib/layer.js:152:17)
    at next (/Users/shubham/Desktop/projrct/level-1/backend/node_modules/router/lib/route.js:157:13)
    at Route.dispatch (/Users/shubham/Desktop/projrct/level-1/backend/node_modules/router/lib/route.js:117:3)
    at handle (/Users/shubham/Desktop/projrct/level-1/backend/node_modules/router/index.js:435:11)
    at Layer.handleRequest (/Users/shubham/Desktop/projrct/level-1/backend/node_modules/router/lib/layer.js:152:17)
    at /Users/shubham/Desktop/projrct/level-1/backend/node_modules/router/index.js:295:15
    at processParams (/Users/shubham/Desktop/projrct/level-1/backend/node_modules/router/index.js:582:12)
    at next (/Users/shubham/Desktop/projrct/level-1/backend/node_modules/router/index.js:291:5) {"timestamp":"2025-06-27T10:58:04.481Z"}
